<?xml version="1.0" encoding="UTF-8"?>
<testng-results skipped="0" failed="1" ignored="0" total="3" passed="2">
  <reporter-output>
  </reporter-output>
  <suite name="Default suite" duration-ms="28967" started-at="2022-02-06T16:03:54Z" finished-at="2022-02-06T16:04:23Z">
    <groups>
    </groups>
    <test name="Default test" duration-ms="28967" started-at="2022-02-06T16:03:54Z" finished-at="2022-02-06T16:04:23Z">
      <class name="variousConcepts.CRMTest">
        <test-method status="PASS" signature="readConfig()[pri:0, instance:variousConcepts.CRMTest@ae45eb6]" name="readConfig" is-config="true" duration-ms="28" started-at="2022-02-06T16:03:54Z" finished-at="2022-02-06T16:03:54Z">
          <reporter-output>
          </reporter-output>
        </test-method> <!-- readConfig -->
        <test-method status="PASS" signature="init()[pri:0, instance:variousConcepts.CRMTest@ae45eb6]" name="init" is-config="true" duration-ms="4937" started-at="2022-02-06T16:03:54Z" finished-at="2022-02-06T16:03:59Z">
          <reporter-output>
          </reporter-output>
        </test-method> <!-- init -->
        <test-method status="PASS" signature="loginTest()[pri:1, instance:variousConcepts.CRMTest@ae45eb6]" name="loginTest" duration-ms="2798" started-at="2022-02-06T16:03:59Z" finished-at="2022-02-06T16:04:02Z">
          <reporter-output>
          </reporter-output>
        </test-method> <!-- loginTest -->
        <test-method status="PASS" signature="tearDown()[pri:0, instance:variousConcepts.CRMTest@ae45eb6]" name="tearDown" is-config="true" duration-ms="5237" started-at="2022-02-06T16:04:02Z" finished-at="2022-02-06T16:04:07Z">
          <reporter-output>
          </reporter-output>
        </test-method> <!-- tearDown -->
        <test-method status="PASS" signature="init()[pri:0, instance:variousConcepts.CRMTest@ae45eb6]" name="init" is-config="true" duration-ms="3000" started-at="2022-02-06T16:04:07Z" finished-at="2022-02-06T16:04:10Z">
          <reporter-output>
          </reporter-output>
        </test-method> <!-- init -->
        <test-method status="PASS" signature="addContact()[pri:2, instance:variousConcepts.CRMTest@ae45eb6]" name="addContact" duration-ms="5031" started-at="2022-02-06T16:04:10Z" finished-at="2022-02-06T16:04:15Z">
          <reporter-output>
          </reporter-output>
        </test-method> <!-- addContact -->
        <test-method status="PASS" signature="tearDown()[pri:0, instance:variousConcepts.CRMTest@ae45eb6]" name="tearDown" is-config="true" duration-ms="921" started-at="2022-02-06T16:04:15Z" finished-at="2022-02-06T16:04:16Z">
          <reporter-output>
          </reporter-output>
        </test-method> <!-- tearDown -->
        <test-method status="PASS" signature="init()[pri:0, instance:variousConcepts.CRMTest@ae45eb6]" name="init" is-config="true" duration-ms="2937" started-at="2022-02-06T16:04:16Z" finished-at="2022-02-06T16:04:19Z">
          <reporter-output>
          </reporter-output>
        </test-method> <!-- init -->
        <test-method status="FAIL" signature="loginTestNeg()[pri:3, instance:variousConcepts.CRMTest@ae45eb6]" name="loginTestNeg" duration-ms="3032" started-at="2022-02-06T16:04:19Z" finished-at="2022-02-06T16:04:22Z">
          <exception class="java.lang.AssertionError">
            <message>
              <![CDATA[Dashboard page not found!! expected [Dashboard1] but found [Dashboard]]]>
            </message>
            <full-stacktrace>
              <![CDATA[java.lang.AssertionError: Dashboard page not found!! expected [Dashboard1] but found [Dashboard]
at org.testng.Assert.fail(Assert.java:96)
at org.testng.Assert.failNotEquals(Assert.java:776)
at org.testng.Assert.assertEqualsImpl(Assert.java:137)
at org.testng.Assert.assertEquals(Assert.java:118)
at org.testng.Assert.assertEquals(Assert.java:453)
at variousConcepts.CRMTest.loginTestNeg(CRMTest.java:106)
at sun.reflect.NativeMethodAccessorImpl.invoke0(Native Method)
at sun.reflect.NativeMethodAccessorImpl.invoke(NativeMethodAccessorImpl.java:62)
at sun.reflect.DelegatingMethodAccessorImpl.invoke(DelegatingMethodAccessorImpl.java:43)
at java.lang.reflect.Method.invoke(Method.java:498)
at org.testng.internal.MethodInvocationHelper.invokeMethod(MethodInvocationHelper.java:124)
at org.testng.internal.Invoker.invokeMethod(Invoker.java:583)
at org.testng.internal.Invoker.invokeTestMethod(Invoker.java:719)
at org.testng.internal.Invoker.invokeTestMethods(Invoker.java:989)
at org.testng.internal.TestMethodWorker.invokeTestMethods(TestMethodWorker.java:125)
at org.testng.internal.TestMethodWorker.run(TestMethodWorker.java:109)
at org.testng.TestRunner.privateRun(TestRunner.java:648)
at org.testng.TestRunner.run(TestRunner.java:505)
at org.testng.SuiteRunner.runTest(SuiteRunner.java:455)
at org.testng.SuiteRunner.runSequentially(SuiteRunner.java:450)
at org.testng.SuiteRunner.privateRun(SuiteRunner.java:415)
at org.testng.SuiteRunner.run(SuiteRunner.java:364)
at org.testng.SuiteRunnerWorker.runSuite(SuiteRunnerWorker.java:52)
at org.testng.SuiteRunnerWorker.run(SuiteRunnerWorker.java:84)
at org.testng.TestNG.runSuitesSequentially(TestNG.java:1208)
at org.testng.TestNG.runSuitesLocally(TestNG.java:1137)
at org.testng.TestNG.runSuites(TestNG.java:1049)
at org.testng.TestNG.run(TestNG.java:1017)
at org.testng.remote.AbstractRemoteTestNG.run(AbstractRemoteTestNG.java:132)
at org.testng.remote.RemoteTestNG.initAndRun(RemoteTestNG.java:230)
at org.testng.remote.RemoteTestNG.main(RemoteTestNG.java:76)
]]>
            </full-stacktrace>
          </exception> <!-- java.lang.AssertionError -->
          <reporter-output>
          </reporter-output>
        </test-method> <!-- loginTestNeg -->
        <test-method status="PASS" signature="tearDown()[pri:0, instance:variousConcepts.CRMTest@ae45eb6]" name="tearDown" is-config="true" duration-ms="997" started-at="2022-02-06T16:04:22Z" finished-at="2022-02-06T16:04:23Z">
          <reporter-output>
          </reporter-output>
        </test-method> <!-- tearDown -->
      </class> <!-- variousConcepts.CRMTest -->
    </test> <!-- Default test -->
  </suite> <!-- Default suite -->
</testng-results>
